# JRE version: OpenJDK Runtime Environment (17.0.10) (build 17.0.10+0--11609105)
# Java VM: OpenJDK 64-Bit Server VM (17.0.10+0--11609105, mixed mode, tiered, compressed oops, compressed class ptrs, g1 gc, windows-amd64)
GC Precious Log:
 CPUs: 8 total, 8 available
 Memory: 7849M
 Large Page Support: Disabled
 NUMA Support: Disabled
 Compressed Oops: Enabled (32-bit)
 Heap Region Size: 1M
 Heap Min Capacity: 8M
 Heap Initial Capacity: 124M
 Heap Max Capacity: 2G
 Pre-touch: Disabled
 Parallel Workers: 8
 Concurrent Workers: 2
 Concurrent Refinement Workers: 8
 Periodic GC: Disabled
Heap:
 garbage-first heap   total 318464K, used 143237K [0x0000000080000000, 0x0000000100000000)
  region size 1024K, 2 young (2048K), 2 survivors (2048K)
 Metaspace       used 138497K, committed 139392K, reserved 1179648K
  class space    used 18724K, committed 19200K, reserved 1048576K
GC Heap History (20 events):
Event: 716.656 GC heap after
{Heap after GC invocations=80 (full 0):
 garbage-first heap   total 318464K, used 131681K [0x0000000080000000, 0x0000000100000000)
  region size 1024K, 16 young (16384K), 16 survivors (16384K)
 Metaspace       used 137162K, committed 138112K, reserved 1179648K
  class space    used 18685K, committed 19136K, reserved 1048576K
}
Event: 716.659 GC heap before
{Heap before GC invocations=80 (full 0):
 garbage-first heap   total 318464K, used 132705K [0x0000000080000000, 0x0000000100000000)
  region size 1024K, 17 young (17408K), 16 survivors (16384K)
 Metaspace       used 137165K, committed 138112K, reserved 1179648K
  class space    used 18685K, committed 19136K, reserved 1048576K
}
Event: 716.684 GC heap after
{Heap after GC invocations=81 (full 0):
 garbage-first heap   total 318464K, used 116660K [0x0000000080000000, 0x0000000100000000)
  region size 1024K, 2 young (2048K), 2 survivors (2048K)
 Metaspace       used 137165K, committed 138112K, reserved 1179648K
  class space    used 18685K, committed 19136K, reserved 1048576K
}
Event: 727.092 GC heap before
{Heap before GC invocations=81 (full 0):
 garbage-first heap   total 318464K, used 190388K [0x0000000080000000, 0x0000000100000000)
  region size 1024K, 76 young (77824K), 2 survivors (2048K)
 Metaspace       used 137355K, committed 138240K, reserved 1179648K
  class space    used 18687K, committed 19136K, reserved 1048576K
}
Event: 727.100 GC heap after
{Heap after GC invocations=82 (full 0):
 garbage-first heap   total 318464K, used 121885K [0x0000000080000000, 0x0000000100000000)
  region size 1024K, 7 young (7168K), 7 survivors (7168K)
 Metaspace       used 137355K, committed 138240K, reserved 1179648K
  class space    used 18687K, committed 19136K, reserved 1048576K
}
Event: 730.897 GC heap before
{Heap before GC invocations=83 (full 0):
 garbage-first heap   total 318464K, used 289821K [0x0000000080000000, 0x0000000100000000)
  region size 1024K, 126 young (129024K), 7 survivors (7168K)
 Metaspace       used 138048K, committed 138944K, reserved 1179648K
  class space    used 18696K, committed 19136K, reserved 1048576K
}
Event: 730.901 GC heap after
{Heap after GC invocations=84 (full 0):
 garbage-first heap   total 318464K, used 119559K [0x0000000080000000, 0x0000000100000000)
  region size 1024K, 5 young (5120K), 5 survivors (5120K)
 Metaspace       used 138048K, committed 138944K, reserved 1179648K
  class space    used 18696K, committed 19136K, reserved 1048576K
}
Event: 912.123 GC heap before
{Heap before GC invocations=84 (full 0):
 garbage-first heap   total 318464K, used 129799K [0x0000000080000000, 0x0000000100000000)
  region size 1024K, 15 young (15360K), 5 survivors (5120K)
 Metaspace       used 138086K, committed 139008K, reserved 1179648K
  class space    used 18697K, committed 19136K, reserved 1048576K
}
Event: 912.428 GC heap after
{Heap after GC invocations=85 (full 0):
 garbage-first heap   total 318464K, used 116256K [0x0000000080000000, 0x0000000100000000)
  region size 1024K, 2 young (2048K), 2 survivors (2048K)
 Metaspace       used 138086K, committed 139008K, reserved 1179648K
  class space    used 18697K, committed 19136K, reserved 1048576K
}
Event: 916.175 GC heap before
{Heap before GC invocations=85 (full 0):
 garbage-first heap   total 318464K, used 168480K [0x0000000080000000, 0x0000000100000000)
  region size 1024K, 54 young (55296K), 2 survivors (2048K)
 Metaspace       used 138468K, committed 139392K, reserved 1179648K
  class space    used 18724K, committed 19200K, reserved 1048576K
}
Event: 916.181 GC heap after
{Heap after GC invocations=86 (full 0):
 garbage-first heap   total 318464K, used 122136K [0x0000000080000000, 0x0000000100000000)
  region size 1024K, 7 young (7168K), 7 survivors (7168K)
 Metaspace       used 138468K, committed 139392K, reserved 1179648K
  class space    used 18724K, committed 19200K, reserved 1048576K
}
Event: 918.269 GC heap before
{Heap before GC invocations=87 (full 0):
 garbage-first heap   total 318464K, used 205080K [0x0000000080000000, 0x0000000100000000)
  region size 1024K, 81 young (82944K), 7 survivors (7168K)
 Metaspace       used 138474K, committed 139392K, reserved 1179648K
  class space    used 18724K, committed 19200K, reserved 1048576K
}
Event: 920.227 GC heap after
{Heap after GC invocations=88 (full 0):
 garbage-first heap   total 318464K, used 143822K [0x0000000080000000, 0x0000000100000000)
  region size 1024K, 11 young (11264K), 11 survivors (11264K)
 Metaspace       used 138474K, committed 139392K, reserved 1179648K
  class space    used 18724K, committed 19200K, reserved 1048576K
}
Event: 920.239 GC heap before
{Heap before GC invocations=88 (full 0):
 garbage-first heap   total 318464K, used 147918K [0x0000000080000000, 0x0000000100000000)
  region size 1024K, 15 young (15360K), 11 survivors (11264K)
 Metaspace       used 138474K, committed 139392K, reserved 1179648K
  class space    used 18724K, committed 19200K, reserved 1048576K
}
Event: 920.738 GC heap after
{Heap after GC invocations=89 (full 0):
 garbage-first heap   total 318464K, used 145408K [0x0000000080000000, 0x0000000100000000)
  region size 1024K, 2 young (2048K), 2 survivors (2048K)
 Metaspace       used 138474K, committed 139392K, reserved 1179648K
  class space    used 18724K, committed 19200K, reserved 1048576K
}
Event: 920.741 GC heap before
{Heap before GC invocations=89 (full 0):
 garbage-first heap   total 318464K, used 145408K [0x0000000080000000, 0x0000000100000000)
  region size 1024K, 4 young (4096K), 2 survivors (2048K)
 Metaspace       used 138474K, committed 139392K, reserved 1179648K
  class space    used 18724K, committed 19200K, reserved 1048576K
}
Event: 920.847 GC heap after
{Heap after GC invocations=90 (full 0):
 garbage-first heap   total 318464K, used 147842K [0x0000000080000000, 0x0000000100000000)
  region size 1024K, 1 young (1024K), 1 survivors (1024K)
 Metaspace       used 138474K, committed 139392K, reserved 1179648K
  class space    used 18724K, committed 19200K, reserved 1048576K
}
Event: 923.614 GC heap before
{Heap before GC invocations=91 (full 0):
 garbage-first heap   total 318464K, used 183682K [0x0000000080000000, 0x0000000100000000)
  region size 1024K, 19 young (19456K), 1 survivors (1024K)
 Metaspace       used 138481K, committed 139392K, reserved 1179648K
  class space    used 18724K, committed 19200K, reserved 1048576K
}
Event: 923.819 GC heap after
{Heap after GC invocations=92 (full 0):
 garbage-first heap   total 318464K, used 150523K [0x0000000080000000, 0x0000000100000000)
  region size 1024K, 3 young (3072K), 3 survivors (3072K)
 Metaspace       used 138481K, committed 139392K, reserved 1179648K
  class space    used 18724K, committed 19200K, reserved 1048576K
}
Event: 923.875 GC heap before
{Heap before GC invocations=92 (full 0):
 garbage-first heap   total 318464K, used 162811K [0x0000000080000000, 0x0000000100000000)
  region size 1024K, 15 young (15360K), 3 survivors (3072K)
 Metaspace       used 138497K, committed 139392K, reserved 1179648K
  class space    used 18724K, committed 19200K, reserved 1048576K
}

